# JRE version: Java(TM) SE Runtime Environment (8.0_131-b11) (build 1.8.0_131-b11)
# Java VM: Java HotSpot(TM) 64-Bit Server VM (25.131-b11 mixed mode windows-amd64 compressed oops)
Heap:
 PSYoungGen      total 561664K, used 111275K [0x00000000d5f00000, 0x0000000100000000, 0x0000000100000000)
  eden space 537600K, 17% used [0x00000000d5f00000,0x00000000dbbd7e40,0x00000000f6c00000)
  from space 24064K, 67% used [0x00000000f6c00000,0x00000000f7bd2e50,0x00000000f8380000)
  to   space 24064K, 0% used [0x00000000fe880000,0x00000000fe880000,0x0000000100000000)
 ParOldGen       total 81920K, used 20950K [0x0000000081c00000, 0x0000000086c00000, 0x00000000d5f00000)
  object space 81920K, 25% used [0x0000000081c00000,0x0000000083075b48,0x0000000086c00000)
 Metaspace       used 48444K, capacity 49318K, committed 49664K, reserved 1093632K
  class space    used 5883K, capacity 6095K, committed 6144K, reserved 1048576K
GC Heap History (10 events):
Event: 5.679 GC heap before
{Heap before GC invocations=11 (full 1):
 PSYoungGen      total 282112K, used 257536K [0x00000000d5f00000, 0x00000000f2080000, 0x0000000100000000)
  eden space 257536K, 100% used [0x00000000d5f00000,0x00000000e5a80000,0x00000000e5a80000)
  from space 24576K, 0% used [0x00000000e5a80000,0x00000000e5a80000,0x00000000e7280000)
  to   space 24064K, 0% used [0x00000000f0900000,0x00000000f0900000,0x00000000f2080000)
 ParOldGen       total 70656K, used 20962K [0x0000000081c00000, 0x0000000086100000, 0x00000000d5f00000)
  object space 70656K, 29% used [0x0000000081c00000,0x0000000083078900,0x0000000086100000)
 Metaspace       used 27600K, capacity 28128K, committed 28416K, reserved 1075200K
  class space    used 3295K, capacity 3482K, committed 3584K, reserved 1048576K
Event: 5.688 GC heap after
Heap after GC invocations=11 (full 1):
 PSYoungGen      total 388608K, used 12049K [0x00000000d5f00000, 0x00000000f1500000, 0x0000000100000000)
  eden space 376320K, 0% used [0x00000000d5f00000,0x00000000d5f00000,0x00000000ece80000)
  from space 12288K, 98% used [0x00000000f0900000,0x00000000f14c46f8,0x00000000f1500000)
  to   space 23040K, 0% used [0x00000000ee800000,0x00000000ee800000,0x00000000efe80000)
 ParOldGen       total 70656K, used 20970K [0x0000000081c00000, 0x0000000086100000, 0x00000000d5f00000)
  object space 70656K, 29% used [0x0000000081c00000,0x000000008307a900,0x0000000086100000)
 Metaspace       used 27600K, capacity 28128K, committed 28416K, reserved 1075200K
  class space    used 3295K, capacity 3482K, committed 3584K, reserved 1048576K
}
Event: 9.928 GC heap before
{Heap before GC invocations=12 (full 1):
 PSYoungGen      total 388608K, used 388369K [0x00000000d5f00000, 0x00000000f1500000, 0x0000000100000000)
  eden space 376320K, 100% used [0x00000000d5f00000,0x00000000ece80000,0x00000000ece80000)
  from space 12288K, 98% used [0x00000000f0900000,0x00000000f14c46f8,0x00000000f1500000)
  to   space 23040K, 0% used [0x00000000ee800000,0x00000000ee800000,0x00000000efe80000)
 ParOldGen       total 70656K, used 20970K [0x0000000081c00000, 0x0000000086100000, 0x00000000d5f00000)
  object space 70656K, 29% used [0x0000000081c00000,0x000000008307a900,0x0000000086100000)
 Metaspace       used 33111K, capacity 33658K, committed 33920K, reserved 1079296K
  class space    used 4019K, capacity 4201K, committed 4224K, reserved 1048576K
Event: 9.941 GC heap after
Heap after GC invocations=12 (full 1):
 PSYoungGen      total 425472K, used 11455K [0x00000000d5f00000, 0x00000000f9980000, 0x0000000100000000)
  eden space 402432K, 0% used [0x00000000d5f00000,0x00000000d5f00000,0x00000000ee800000)
  from space 23040K, 49% used [0x00000000ee800000,0x00000000ef32fe50,0x00000000efe80000)
  to   space 22528K, 0% used [0x00000000f8380000,0x00000000f8380000,0x00000000f9980000)
 ParOldGen       total 70656K, used 24114K [0x0000000081c00000, 0x0000000086100000, 0x00000000d5f00000)
  object space 70656K, 34% used [0x0000000081c00000,0x000000008338c920,0x0000000086100000)
 Metaspace       used 33111K, capacity 33658K, committed 33920K, reserved 1079296K
  class space    used 4019K, capacity 4201K, committed 4224K, reserved 1048576K
}
Event: 10.238 GC heap before
{Heap before GC invocations=13 (full 1):
 PSYoungGen      total 425472K, used 146037K [0x00000000d5f00000, 0x00000000f9980000, 0x0000000100000000)
  eden space 402432K, 33% used [0x00000000d5f00000,0x00000000de26d638,0x00000000ee800000)
  from space 23040K, 49% used [0x00000000ee800000,0x00000000ef32fe50,0x00000000efe80000)
  to   space 22528K, 0% used [0x00000000f8380000,0x00000000f8380000,0x00000000f9980000)
 ParOldGen       total 70656K, used 24114K [0x0000000081c00000, 0x0000000086100000, 0x00000000d5f00000)
  object space 70656K, 34% used [0x0000000081c00000,0x000000008338c920,0x0000000086100000)
 Metaspace       used 34738K, capacity 35226K, committed 35456K, reserved 1081344K
  class space    used 4252K, capacity 4425K, committed 4480K, reserved 1048576K
Event: 10.242 GC heap after
Heap after GC invocations=13 (full 1):
 PSYoungGen      total 560128K, used 1134K [0x00000000d5f00000, 0x00000000fbc00000, 0x0000000100000000)
  eden space 537600K, 0% used [0x00000000d5f00000,0x00000000d5f00000,0x00000000f6c00000)
  from space 22528K, 5% used [0x00000000f8380000,0x00000000f849bae0,0x00000000f9980000)
  to   space 24064K, 0% used [0x00000000f6c00000,0x00000000f6c00000,0x00000000f8380000)
 ParOldGen       total 70656K, used 29686K [0x0000000081c00000, 0x0000000086100000, 0x00000000d5f00000)
  object space 70656K, 42% used [0x0000000081c00000,0x00000000838fd960,0x0000000086100000)
 Metaspace       used 34738K, capacity 35226K, committed 35456K, reserved 1081344K
  class space    used 4252K, capacity 4425K, committed 4480K, reserved 1048576K
}
Event: 10.242 GC heap before
{Heap before GC invocations=14 (full 2):
 PSYoungGen      total 560128K, used 1134K [0x00000000d5f00000, 0x00000000fbc00000, 0x0000000100000000)
  eden space 537600K, 0% used [0x00000000d5f00000,0x00000000d5f00000,0x00000000f6c00000)
  from space 22528K, 5% used [0x00000000f8380000,0x00000000f849bae0,0x00000000f9980000)
  to   space 24064K, 0% used [0x00000000f6c00000,0x00000000f6c00000,0x00000000f8380000)
 ParOldGen       total 70656K, used 29686K [0x0000000081c00000, 0x0000000086100000, 0x00000000d5f00000)
  object space 70656K, 42% used [0x0000000081c00000,0x00000000838fd960,0x0000000086100000)
 Metaspace       used 34738K, capacity 35226K, committed 35456K, reserved 1081344K
  class space    used 4252K, capacity 4425K, committed 4480K, reserved 1048576K
Event: 10.285 GC heap after
Heap after GC invocations=14 (full 2):
 PSYoungGen      total 560128K, used 0K [0x00000000d5f00000, 0x00000000fbc00000, 0x0000000100000000)
  eden space 537600K, 0% used [0x00000000d5f00000,0x00000000d5f00000,0x00000000f6c00000)
  from space 22528K, 0% used [0x00000000f8380000,0x00000000f8380000,0x00000000f9980000)
  to   space 24064K, 0% used [0x00000000f6c00000,0x00000000f6c00000,0x00000000f8380000)
 ParOldGen       total 81920K, used 20942K [0x0000000081c00000, 0x0000000086c00000, 0x00000000d5f00000)
  object space 81920K, 25% used [0x0000000081c00000,0x0000000083073b48,0x0000000086c00000)
 Metaspace       used 34738K, capacity 35226K, committed 35456K, reserved 1081344K
  class space    used 4252K, capacity 4425K, committed 4480K, reserved 1048576K
}
Event: 31.977 GC heap before
{Heap before GC invocations=15 (full 2):
 PSYoungGen      total 560128K, used 537600K [0x00000000d5f00000, 0x00000000fbc00000, 0x0000000100000000)
  eden space 537600K, 100% used [0x00000000d5f00000,0x00000000f6c00000,0x00000000f6c00000)
  from space 22528K, 0% used [0x00000000f8380000,0x00000000f8380000,0x00000000f9980000)
  to   space 24064K, 0% used [0x00000000f6c00000,0x00000000f6c00000,0x00000000f8380000)
 ParOldGen       total 81920K, used 20942K [0x0000000081c00000, 0x0000000086c00000, 0x00000000d5f00000)
  object space 81920K, 25% used [0x0000000081c00000,0x0000000083073b48,0x0000000086c00000)
 Metaspace       used 43116K, capacity 43856K, committed 44032K, reserved 1087488K
  class space    used 5368K, capacity 5582K, committed 5632K, reserved 1048576K
Event: 31.995 GC heap after
Heap after GC invocations=15 (full 2):
 PSYoungGen      total 561664K, used 16203K [0x00000000d5f00000, 0x0000000100000000, 0x0000000100000000)
  eden space 537600K, 0% used [0x00000000d5f00000,0x00000000d5f00000,0x00000000f6c00000)
  from space 24064K, 67% used [0x00000000f6c00000,0x00000000f7bd2e50,0x00000000f8380000)
  to   space 24064K, 0% used [0x00000000fe880000,0x00000000fe880000,0x0000000100000000)
 ParOldGen       total 81920K, used 20950K [0x0000000081c00000, 0x0000000086c00000, 0x00000000d5f00000)
  object space 81920K, 25% used [0x0000000081c00000,0x0000000083075b48,0x0000000086c00000)
 Metaspace       used 43116K, capacity 43856K, committed 44032K, reserved 1087488K
  class space    used 5368K, capacity 5582K, committed 5632K, reserved 1048576K
}

